<?xml version="1.0" encoding="UTF-8"?>
<testsuites errors="4" failures="4"><testsuite name="BackstopJS" tests="4" errors="4" failures="4"><testcase name=" ›› https://www.nantes.fr/home.html" classname="document"><error message="Design deviation ›› https://www.nantes.fr/home.html (document) component" type="CSS component"/><failure message="Design deviation ›› https://www.nantes.fr/home.html (document) component" type="CSS component"/></testcase><testcase name=" ›› https://www.nantes.fr/home.html" classname="document"><error message="Design deviation ›› https://www.nantes.fr/home.html (document) component" type="CSS component"/><failure message="Design deviation ›› https://www.nantes.fr/home.html (document) component" type="CSS component"/></testcase><testcase name=" ›› https://www.nantes.fr/home.html" classname="document"><error message="Design deviation ›› https://www.nantes.fr/home.html (document) component" type="CSS component"/><failure message="Design deviation ›› https://www.nantes.fr/home.html (document) component" type="CSS component"/></testcase><testcase name=" ›› https://www.nantes.fr/home.html" classname="document"><error message="Design deviation ›› https://www.nantes.fr/home.html (document) component" type="CSS component"/><failure message="Design deviation ›› https://www.nantes.fr/home.html (document) component" type="CSS component"/></testcase></testsuite></testsuites>